<?xml version="1.0" encoding="UTF-8" ?>
<testsuite failures="0" time="0.125" errors="0" skipped="0" tests="3" name="es.uah.mat.sigueme.simulador.cargador.CargadorRFIDTest">
  <properties>
    <property name="java.runtime.name" value="Java(TM) SE Runtime Environment"/>
    <property name="sun.boot.library.path" value="C:\Archivos de programa\Java\jdk1.6.0_26\jre\bin"/>
    <property name="java.vm.version" value="20.1-b02"/>
    <property name="java.vm.vendor" value="Sun Microsystems Inc."/>
    <property name="java.vendor.url" value="http://java.sun.com/"/>
    <property name="path.separator" value=";"/>
    <property name="java.vm.name" value="Java HotSpot(TM) Client VM"/>
    <property name="file.encoding.pkg" value="sun.io"/>
    <property name="user.country" value="ES"/>
    <property name="sun.java.launcher" value="SUN_STANDARD"/>
    <property name="sun.os.patch.level" value="Service Pack 3"/>
    <property name="java.vm.specification.name" value="Java Virtual Machine Specification"/>
    <property name="user.dir" value="C:\proyecto_jsb_2011\proyecto_jsb_2011\sigueme-parent\sigueme-simulador"/>
    <property name="java.runtime.version" value="1.6.0_26-b03"/>
    <property name="java.awt.graphicsenv" value="sun.awt.Win32GraphicsEnvironment"/>
    <property name="basedir" value="C:\proyecto_jsb_2011\proyecto_jsb_2011\sigueme-parent\sigueme-simulador"/>
    <property name="java.endorsed.dirs" value="C:\Archivos de programa\Java\jdk1.6.0_26\jre\lib\endorsed"/>
    <property name="os.arch" value="x86"/>
    <property name="surefire.real.class.path" value="C:\proyecto_jsb_2011\proyecto_jsb_2011\sigueme-parent\sigueme-simulador\target\surefire\surefirebooter139834863654624194.jar"/>
    <property name="java.io.tmpdir" value="C:\DOCUME~1\usuario\CONFIG~1\Temp\"/>
    <property name="line.separator" value="
"/>
    <property name="java.vm.specification.vendor" value="Sun Microsystems Inc."/>
    <property name="user.variant" value=""/>
    <property name="os.name" value="Windows XP"/>
    <property name="sun.jnu.encoding" value="Cp1252"/>
    <property name="java.library.path" value="C:\Archivos de programa\Java\jdk1.6.0_26\jre\bin;C:\WINDOWS\Sun\Java\bin;C:\WINDOWS\system32;C:\WINDOWS;C:\WINDOWS\system32;C:\WINDOWS;C:\WINDOWS\system32\WBEM;c:\Archivos de programa\Microsoft SQL Server\90\Tools\binn\;C:\Documents and Settings\usuario\Escritorio\proyecto_2011\apache-maven-3.0.3\bin;."/>
    <property name="surefire.test.class.path" value="C:\proyecto_jsb_2011\proyecto_jsb_2011\sigueme-parent\sigueme-simulador\target\test-classes;C:\proyecto_jsb_2011\proyecto_jsb_2011\sigueme-parent\sigueme-simulador\target\classes;C:\Documents and Settings\usuario\.m2\repository\commons-io\commons-io\2.0.1\commons-io-2.0.1.jar;C:\Documents and Settings\usuario\.m2\repository\org\slf4j\slf4j-api\1.6.1\slf4j-api-1.6.1.jar;C:\Documents and Settings\usuario\.m2\repository\org\slf4j\jcl-over-slf4j\1.6.1\jcl-over-slf4j-1.6.1.jar;C:\Documents and Settings\usuario\.m2\repository\org\slf4j\slf4j-log4j12\1.6.1\slf4j-log4j12-1.6.1.jar;C:\Documents and Settings\usuario\.m2\repository\log4j\log4j\1.2.16\log4j-1.2.16.jar;C:\Documents and Settings\usuario\.m2\repository\commons-lang\commons-lang\2.6\commons-lang-2.6.jar;C:\Documents and Settings\usuario\.m2\repository\cglib\cglib-nodep\2.2\cglib-nodep-2.2.jar;C:\Documents and Settings\usuario\.m2\repository\junit\junit\4.8.2\junit-4.8.2.jar;C:\Documents and Settings\usuario\.m2\repository\org\springframework\spring-test\3.1.0.M1\spring-test-3.1.0.M1.jar;C:\Documents and Settings\usuario\.m2\repository\org\mockito\mockito-all\1.8.5\mockito-all-1.8.5.jar;C:\Documents and Settings\usuario\.m2\repository\com\h2database\h2\1.3.154\h2-1.3.154.jar;C:\Documents and Settings\usuario\.m2\repository\postgresql\postgresql\9.0-801.jdbc4\postgresql-9.0-801.jdbc4.jar;"/>
    <property name="java.specification.name" value="Java Platform API Specification"/>
    <property name="java.class.version" value="50.0"/>
    <property name="sun.management.compiler" value="HotSpot Client Compiler"/>
    <property name="os.version" value="5.1"/>
    <property name="user.home" value="C:\Documents and Settings\usuario"/>
    <property name="user.timezone" value=""/>
    <property name="java.awt.printerjob" value="sun.awt.windows.WPrinterJob"/>
    <property name="java.specification.version" value="1.6"/>
    <property name="file.encoding" value="Cp1252"/>
    <property name="user.name" value="usuario"/>
    <property name="java.class.path" value="C:\proyecto_jsb_2011\proyecto_jsb_2011\sigueme-parent\sigueme-simulador\target\test-classes;C:\proyecto_jsb_2011\proyecto_jsb_2011\sigueme-parent\sigueme-simulador\target\classes;C:\Documents and Settings\usuario\.m2\repository\commons-io\commons-io\2.0.1\commons-io-2.0.1.jar;C:\Documents and Settings\usuario\.m2\repository\org\slf4j\slf4j-api\1.6.1\slf4j-api-1.6.1.jar;C:\Documents and Settings\usuario\.m2\repository\org\slf4j\jcl-over-slf4j\1.6.1\jcl-over-slf4j-1.6.1.jar;C:\Documents and Settings\usuario\.m2\repository\org\slf4j\slf4j-log4j12\1.6.1\slf4j-log4j12-1.6.1.jar;C:\Documents and Settings\usuario\.m2\repository\log4j\log4j\1.2.16\log4j-1.2.16.jar;C:\Documents and Settings\usuario\.m2\repository\commons-lang\commons-lang\2.6\commons-lang-2.6.jar;C:\Documents and Settings\usuario\.m2\repository\cglib\cglib-nodep\2.2\cglib-nodep-2.2.jar;C:\Documents and Settings\usuario\.m2\repository\junit\junit\4.8.2\junit-4.8.2.jar;C:\Documents and Settings\usuario\.m2\repository\org\springframework\spring-test\3.1.0.M1\spring-test-3.1.0.M1.jar;C:\Documents and Settings\usuario\.m2\repository\org\mockito\mockito-all\1.8.5\mockito-all-1.8.5.jar;C:\Documents and Settings\usuario\.m2\repository\com\h2database\h2\1.3.154\h2-1.3.154.jar;C:\Documents and Settings\usuario\.m2\repository\postgresql\postgresql\9.0-801.jdbc4\postgresql-9.0-801.jdbc4.jar;"/>
    <property name="java.vm.specification.version" value="1.0"/>
    <property name="sun.arch.data.model" value="32"/>
    <property name="java.home" value="C:\Archivos de programa\Java\jdk1.6.0_26\jre"/>
    <property name="sun.java.command" value="C:\proyecto_jsb_2011\proyecto_jsb_2011\sigueme-parent\sigueme-simulador\target\surefire\surefirebooter139834863654624194.jar C:\proyecto_jsb_2011\proyecto_jsb_2011\sigueme-parent\sigueme-simulador\target\surefire\surefire1830918311925579796tmp C:\proyecto_jsb_2011\proyecto_jsb_2011\sigueme-parent\sigueme-simulador\target\surefire\surefire1763417732657688177tmp"/>
    <property name="java.specification.vendor" value="Sun Microsystems Inc."/>
    <property name="user.language" value="es"/>
    <property name="awt.toolkit" value="sun.awt.windows.WToolkit"/>
    <property name="java.vm.info" value="mixed mode, sharing"/>
    <property name="java.version" value="1.6.0_26"/>
    <property name="java.ext.dirs" value="C:\Archivos de programa\Java\jdk1.6.0_26\jre\lib\ext;C:\WINDOWS\Sun\Java\lib\ext"/>
    <property name="sun.boot.class.path" value="C:\Archivos de programa\Java\jdk1.6.0_26\jre\lib\resources.jar;C:\Archivos de programa\Java\jdk1.6.0_26\jre\lib\rt.jar;C:\Archivos de programa\Java\jdk1.6.0_26\jre\lib\sunrsasign.jar;C:\Archivos de programa\Java\jdk1.6.0_26\jre\lib\jsse.jar;C:\Archivos de programa\Java\jdk1.6.0_26\jre\lib\jce.jar;C:\Archivos de programa\Java\jdk1.6.0_26\jre\lib\charsets.jar;C:\Archivos de programa\Java\jdk1.6.0_26\jre\lib\modules\jdk.boot.jar;C:\Archivos de programa\Java\jdk1.6.0_26\jre\classes"/>
    <property name="java.vendor" value="Sun Microsystems Inc."/>
    <property name="localRepository" value="C:\Documents and Settings\usuario\.m2\repository"/>
    <property name="file.separator" value="\"/>
    <property name="java.vendor.url.bug" value="http://java.sun.com/cgi-bin/bugreport.cgi"/>
    <property name="sun.cpu.endian" value="little"/>
    <property name="sun.io.unicode.encoding" value="UnicodeLittle"/>
    <property name="sun.desktop" value="windows"/>
    <property name="sun.cpu.isalist" value="pentium_pro+mmx pentium_pro pentium+mmx pentium i486 i386 i86"/>
  </properties>
  <testcase time="0.047" classname="es.uah.mat.sigueme.simulador.cargador.CargadorRFIDTest" name="deberiaObtenerElFicheroConLasDireccionesDeLasTarjetasASimular"/>
  <testcase time="0" classname="es.uah.mat.sigueme.simulador.cargador.CargadorRFIDTest" name="deberiaDevolverTarjetasRFIDAPartirDeLasDireccionesDelFichero"/>
  <testcase time="0" classname="es.uah.mat.sigueme.simulador.cargador.CargadorRFIDTest" name="deberiaDevolverLaListaDePuertas"/>
</testsuite>